<?xml version="1.0" encoding="UTF-8"?>
<!-- Generated by org.testng.reporters.JUnitXMLReporter -->
<testsuite ignored="0" hostname="MT-302B2B3" failures="1" tests="8" name="Command line test" time="112.224" errors="0" timestamp="20 Nov 2021 09:22:15 GMT">
  <testcase classname="TestNGTest" name="verifyPageTitleTest" time="0.005"/>
  <testcase classname="TestNGTest" name="SearchScriptTest" time="10.135"/>
  <testcase classname="TestNGTest" name="BookTableScriptTest" time="11.192">
    <failure type="org.openqa.selenium.NoSuchElementException" message="Cannot locate an element using xpath=//button[contains(text(),&amp;apos;Continue to book a table&amp;apos;)]
For documentation on this error, please visit: https://www.seleniumhq.org/exceptions/no_such_element.html
Build info: version: &amp;apos;3.141.59&amp;apos;, revision: &amp;apos;e82be7d358&amp;apos;, time: &amp;apos;2018-11-14T08:17:03&amp;apos;
System info: host: &amp;apos;MT-302B2B3&amp;apos;, ip: &amp;apos;192.168.0.102&amp;apos;, os.name: &amp;apos;Windows 10&amp;apos;, os.arch: &amp;apos;amd64&amp;apos;, os.version: &amp;apos;10.0&amp;apos;, java.version: &amp;apos;11.0.11&amp;apos;
Driver info: driver.version: RemoteWebDriver">
      <![CDATA[org.openqa.selenium.NoSuchElementException: Cannot locate an element using xpath=//button[contains(text(),'Continue to book a table')]
For documentation on this error, please visit: https://www.seleniumhq.org/exceptions/no_such_element.html
Build info: version: '3.141.59', revision: 'e82be7d358', time: '2018-11-14T08:17:03'
System info: host: 'MT-302B2B3', ip: '192.168.0.102', os.name: 'Windows 10', os.arch: 'amd64', os.version: '10.0', java.version: '11.0.11'
Driver info: driver.version: RemoteWebDriver
	at org.openqa.selenium.remote.RemoteWebDriver.findElement(RemoteWebDriver.java:327)
	at org.openqa.selenium.remote.RemoteWebDriver.findElementByXPath(RemoteWebDriver.java:428)
	at org.openqa.selenium.By$ByXPath.findElement(By.java:353)
	at org.openqa.selenium.remote.RemoteWebDriver.findElement(RemoteWebDriver.java:315)
	at TestNGTest.BookTableScriptTest(TestNGTest.java:105)
... Removed 34 stack frames]]>
    </failure>
  </testcase> <!-- BookTableScriptTest -->
  <testcase classname="TestNGTest" name="HelpScriptTest" time="1.563"/>
  <testcase classname="TestNGTest" name="FoodTrendsScriptTest" time="9.653"/>
  <testcase classname="TestNGTest" name="NewlyAddedRestaurantsScriptTest" time="9.413"/>
  <testcase classname="TestNGTest" name="PopularCausinesScriptTest" time="8.904"/>
  <testcase classname="TestNGTest" name="PopularTakewaysScriptTest" time="9.497"/>
</testsuite> <!-- Command line test -->
